Global:

  Symbol          Redirected to         Reason
  ------          -------------         ------
  __as_NullEntry  __as_NullEntryStrict  command line
              definition:  __as_table_start
              definition:  __as_entries_start
              definition:  __iar_systems$$module
Loading object F:\work\Lab1\Debug\Obj\main.o.
              definition:  SystemCoreClock
              definition:  _Z5delayi
              definition:  main
Loading object F:\work\Lab1\Debug\Obj\startupF411RE.o.
              reference :  __cmain
              weak ref  :  __iar_init_core
              weak ref  :  __iar_init_vfp
              definition:  _ZN11DummyModule7handlerEv
              definition:  __iar_program_start
              definition:  __vector_table
              reference :  CSTACK$$Limit


### Library selection:

      Setting          Value      Reason/needed in
      -------          -----      ----------------
      Core             ARM v7E-M  command line
      Fp-support       FPv4_SP    command line
      Code mode        Thumb      main.o and 1 other objects are compiled as Thumb
      Literal pool     Allowed    Default
      Library support  Normal     Default

  Auto library: shb_l.a -> C:\Program Files\IAR Systems\Embedded Workbench 9.1\arm\lib\shb_l.a
  Auto library: rt7M_tl.a -> C:\Program Files\IAR Systems\Embedded Workbench 9.1\arm\lib\rt7M_tl.a
  Auto library: dlpp7M_tls_nc.a -> C:\Program Files\IAR Systems\Embedded Workbench 9.1\arm\lib\dlpp7M_tls_nc.a
  Auto library: dlpprt7M_tl_nc.a -> C:\Program Files\IAR Systems\Embedded Workbench 9.1\arm\lib\dlpprt7M_tl_nc.a
  Auto library: m7M_tls.a -> C:\Program Files\IAR Systems\Embedded Workbench 9.1\arm\lib\m7M_tls.a
  Auto library: dl7M_tln.a -> C:\Program Files\IAR Systems\Embedded Workbench 9.1\arm\lib\dl7M_tln.a

### Library configuration:

  keep       __iar_debug_exceptions
  keep       __iar_init_vfp
  extra init __iar_cstart_call_ctors
  no_inline  __DebugBreak
  no_inline  __iar_return_from_swi
  no_inline  __iar_semihosting
  no_inline  __iar_sh_stdout_swo

  Global redirects:

    Symbol                    Redirected to                   Reason
    ------                    -------------                   ------
    _ZNK5dlib512_String_base5_XlenEv
                              _ZNK5dlib512_String_base10_XlenAbortEv
                                                              no exceptions
    _ZNK5dlib512_String_base5_XranEv
                              _ZNK5dlib512_String_base10_XranAbortEv
                                                              no exceptions
    _ZSt18uncaught_exceptionv
                              __no_uncaught_exception         no exceptions
    _ZZ14__aeabi_memcpyE4__sb
                              _ZZ22__iar_unaligned_memcpyE4__sb
                                                              unaligned access redirects
    _ZZ15__aeabi_memcpy4E4__sb
                              _ZZ23__iar_unaligned_memcpy4E4__sb
                                                              unaligned access redirects
    _ZZ15__aeabi_memcpy8E4__sb
                              _ZZ23__iar_unaligned_memcpy8E4__sb
                                                              unaligned access redirects
    _ZZ15__aeabi_memmoveE4__sb
                              _ZZ23__iar_unaligned_memmoveE4__sb
                                                              unaligned access redirects
    _ZZ15__aeabi_read_tpE4__sb
                              _ZZ22__iar_nothread_read_tpE4__sb
                                                              not using threads
    _ZZ16__aeabi_memmove4E4__sb
                              _ZZ24__iar_unaligned_memmove4E4__sb
                                                              unaligned access redirects
    _ZZ16__aeabi_memmove8E4__sb
                              _ZZ24__iar_unaligned_memmove8E4__sb
                                                              unaligned access redirects
    _ZZ18__iar_exp_medium32E4__sb
                              _ZZ4expfE4__sb                  Use medium (default) variant
    _ZZ19__cxa_thread_atexitE4__sb
                              _ZZ12__cxa_atexitE4__sb         not using threads
    _ZZ32__cxa_throw_bad_array_new_lengthE4__sb
                              _ZZ5abortE4__sb                 no exceptions
    _ZZ6memcmpE4__sb          _ZZ22__iar_unaligned_memcmpE4__sb
                                                              unaligned access redirects
    _ZZ7strncpyE4__sb         _ZZ23__iar_unaligned_strncpyE4__sb
                                                              unaligned access redirects
    _ZZ9__rethrowE4__sb       _ZZ5abortE4__sb                 no exceptions
    _ZZNK5dlib512_String_base5_XlenEvE4__sb
                              _ZZNK5dlib512_String_base10_XlenAbortEvE4__sb
                                                              no exceptions
    _ZZNK5dlib512_String_base5_XranEvE4__sb
                              _ZZNK5dlib512_String_base10_XranAbortEvE4__sb
                                                              no exceptions
    _ZZSt18uncaught_exceptionvE4__sb
                              _ZZ23__no_uncaught_exceptionE4__sb
                                                              no exceptions
    __aeabi_memcpy            __iar_unaligned_memcpy          unaligned access redirects
    __aeabi_memcpy4           __iar_unaligned_memcpy4         unaligned access redirects
    __aeabi_memcpy8           __iar_unaligned_memcpy8         unaligned access redirects
    __aeabi_memmove           __iar_unaligned_memmove         unaligned access redirects
    __aeabi_memmove4          __iar_unaligned_memmove4        unaligned access redirects
    __aeabi_memmove8          __iar_unaligned_memmove8        unaligned access redirects
    __aeabi_read_tp           __iar_nothread_read_tp          not using threads
    __cxa_thread_atexit       __cxa_atexit                    not using threads
    __cxa_throw_bad_array_new_length
                              abort                           no exceptions
    __iar_exp_medium32        expf                            Use medium (default) variant
    __rethrow                 abort                           no exceptions
    memcmp                    __iar_unaligned_memcmp          unaligned access redirects
    strncpy                   __iar_unaligned_strncpy         unaligned access redirects
    __iar_Raise + <anything>  abort                           no exceptions
    __throw + <anything>      abort                           no exceptions
Applying system library config.
              reference :  __iar_debug_exceptions
              reference :  __iar_init_vfp
Selecting member cmain.o(rt7M_tl.a) to define __cmain.
              weak ref  :  __iar_data_init3
              weak ref  :  __iar_argc_argv
              weak ref  :  __iar_data_init_done
              reference :  __low_level_init
              reference :  main
              reference :  exit
              definition:  __cmain
              definition:  ?main
              definition:  _call_main
Selecting member unwind_debug.o(shb_l.a) to define __iar_debug_exceptions.
              definition:  __iar_debug_catch
              definition:  __iar_debug_catch_qemu
              definition:  __iar_debug_exceptions
              definition:  __iar_debug_no_handler
              definition:  __iar_debug_no_handler_qemu
              definition:  __iar_debug_throw
              definition:  __iar_debug_throw_qemu
              definition:  __iar_enable_debug_catch
              definition:  __iar_enable_debug_no_handler
              definition:  __iar_enable_debug_throw
              definition:  breakpoint
Selecting member fpinit_M.o(m7M_tls.a) to define __iar_init_vfp.
              definition:  __iar_init_vfp
Selecting member low_level_init.o(dl7M_tln.a) to define __low_level_init.
              definition:  __low_level_init
Selecting member exit.o(dl7M_tln.a) to define exit.
              reference :  _exit
              definition:  exit
Selecting member cexit.o(rt7M_tl.a) to define _exit.
              weak ref  :  __call_dtors
              weak ref  :  _Close_all
              weak ref  :  __iar_clearlocks
              reference :  __exit
              definition:  _exit
              definition:  __cexit_call_dtors
              definition:  __cexit_closeall
              definition:  __cexit_clearlocks
Selecting member exit.o(shb_l.a) to define __exit.
              weak ref  :  __iar_close_ttio
              definition:  __exit
Selecting member data_init.o(rt7M_tl.a) to define __iar_data_init3 (optional).
              definition:  __iar_data_init3
              reference :  Region$$Table$$Base
              reference :  Region$$Table$$Limit
Selecting member zero_init3.o(rt7M_tl.a) to define __iar_zero_init3.
              definition:  __iar_zero_init3
Selecting member copy_init3.o(rt7M_tl.a) to define __iar_copy_init3.
              definition:  __iar_copy_init3
Selecting member rle_init_single.o(rt7M_tl.a) to define __iar_rle_init_single3.
              definition:  __iar_rle_init_single3
Selecting member rle_init.o(rt7M_tl.a) to define __iar_rle_init3.
              reference :  abort
              definition:  __iar_rle_init3
Selecting member packbits_init_single.o(rt7M_tl.a) to define __iar_packbits_init_single3.
              definition:  __iar_packbits_init_single3
Selecting member packbits_init.o(rt7M_tl.a) to define __iar_packbits_init3.
              reference :  abort
              definition:  __iar_packbits_init3
Selecting member lz77_init_single.o(rt7M_tl.a) to define __iar_lz77_init_single3.
              definition:  __iar_lz77_init_single3
Selecting member lz77_init.o(rt7M_tl.a) to define __iar_lz77_init3.
              reference :  abort
              definition:  __iar_lz77_init3
Selecting member abort.o(dl7M_tln.a) to define abort (optional).
              reference :  __exit
              definition:  abort
Resolving duplicate symbol definitions
*** Marking from roots ***
Marking symbol __iar_program_start              Glb (34 startupF411RE.o) [program entry]
  Marking fragment #218 .text (9 startupF411RE.o) init:always
Marking symbol __iar_debug_exceptions           Glb (47 unwind_debug.o) [referenced from system library config]
  Marking fragment #83 .rodata (10 unwind_debug.o(shb_l.a))
Marking symbol __iar_init_vfp                   Glb (5 fpinit_M.o) [referenced from system library config]
  Marking fragment #96 .text (6 fpinit_M.o(m7M_tls.a))
Marking from fragment #96 .text (6 fpinit_M.o(m7M_tls.a))
Marking from fragment #83 .rodata (10 unwind_debug.o(shb_l.a))
Marking from fragment #218 .text (9 startupF411RE.o) init:always
  Marking symbol __vector_table                   Glb (35 startupF411RE.o)
    Marking fragment #44 .intvec (8 startupF411RE.o) init:always
  Marking symbol __iar_init_core                  Ext (31 startupF411RE.o)
  Marking symbol __iar_init_vfp                   Glb (5 fpinit_M.o)
    Marking fragment #96 .text (6 fpinit_M.o(m7M_tls.a)) init:always
  Marking symbol __cmain                          Glb (16 cmain.o)
    Marking fragment #219 .text (8 cmain.o(rt7M_tl.a)) init:always
Marking from fragment #219 .text (8 cmain.o(rt7M_tl.a)) init:always
  Marking symbol __low_level_init                 Glb (9 low_level_init.o)
    Marking fragment #101 .text (6 low_level_init.o(dl7M_tln.a)) init:always
  Marking symbol _call_main                       Glb (18 cmain.o)
    Marking fragment #220 .text (8 cmain.o(rt7M_tl.a))
  Marking symbol __iar_data_init3                 Glb (14 data_init.o)
Marking from fragment #220 .text (8 cmain.o(rt7M_tl.a))
  Marking symbol __iar_data_init_done             Ext (12 cmain.o)
  Marking symbol __iar_argc_argv                  Ext (11 cmain.o)
  Marking symbol main                             Glb (55 main.o)
    Marking fragment #210 .text (9 main.o)
  Marking symbol exit                             Glb (10 exit.o)
    Marking fragment #108 .text (6 exit.o(dl7M_tln.a))
Marking from fragment #108 .text (6 exit.o(dl7M_tln.a))
  Marking symbol _exit                            Glb (18 cexit.o)
    Marking fragment #233 .text (6 cexit.o(rt7M_tl.a))
Marking from fragment #233 .text (6 cexit.o(rt7M_tl.a))
  Marking symbol                                      (13 cexit.o)
    Marking fragment #237 .text (6 cexit.o(rt7M_tl.a))
Marking from fragment #237 .text (6 cexit.o(rt7M_tl.a))
  Marking symbol __exit                           Glb (13 exit.o)
    Marking fragment #120 .text (6 exit.o(shb_l.a))
Marking from fragment #120 .text (6 exit.o(shb_l.a))
  Marking symbol __iar_close_ttio                 Ext (12 exit.o)
Marking from fragment #210 .text (9 main.o)
  Marking symbol ??DataTable1                         (4 main.o)
    Marking fragment #211 .text (9 main.o)
  Marking symbol ??DataTable1_1                       (5 main.o)
    Marking fragment #212 .text (9 main.o)
  Marking symbol ??DataTable1_2                       (6 main.o)
    Marking fragment #213 .text (9 main.o)
  Marking symbol ??DataTable1_3                       (7 main.o)
    Marking fragment #214 .text (9 main.o)
  Marking symbol ??DataTable1_4                       (8 main.o)
    Marking fragment #215 .text (9 main.o)
  Marking symbol ??DataTable1_5                       (9 main.o)
    Marking fragment #216 .text (9 main.o)
  Marking symbol _Z5delayi                        Glb (54 main.o)
    Marking fragment #209 .text (9 main.o)
Marking from fragment #209 .text (9 main.o)
Marking from fragment #216 .text (9 main.o)
Marking from fragment #215 .text (9 main.o)
Marking from fragment #214 .text (9 main.o)
Marking from fragment #213 .text (9 main.o)
Marking from fragment #212 .text (9 main.o)
Marking from fragment #211 .text (9 main.o)
Marking from fragment #101 .text (6 low_level_init.o(dl7M_tln.a)) init:always
Marking from fragment #96 .text (6 fpinit_M.o(m7M_tls.a)) init:always
Marking from fragment #44 .intvec (8 startupF411RE.o) init:always
  Marking symbol CSTACK$$Limit                    Ext (36 startupF411RE.o)
  Marking symbol __iar_program_start              Glb (34 startupF411RE.o)
  Marking symbol _ZN11DummyModule7handlerEv       Glb (33 startupF411RE.o)
    Marking fragment #217 .text (9 startupF411RE.o) init:always
Marking from fragment #217 .text (9 startupF411RE.o) init:always
*** Marking optional init routines ***
Marking fragment #127 .text (6 data_init.o(rt7M_tl.a)) {__iar_data_init3} init:{__iar_data_init3}
Marking fragment #136 .text (7 zero_init3.o(rt7M_tl.a)) {__iar_zero_init3} init:{__iar_zero_init3}
Marking fragment #144 .text (7 copy_init3.o(rt7M_tl.a)) {__iar_copy_init3} init:{__iar_copy_init3}
Marking fragment #152 .text (7 rle_init_single.o(rt7M_tl.a)) {__iar_rle_init_single3} init:{__iar_rle_init_single3}
Marking fragment #239 .text (7 rle_init.o(rt7M_tl.a)) {__iar_rle_init3} init:{__iar_rle_init3}
Marking fragment #169 .text (7 packbits_init_single.o(rt7M_tl.a)) {__iar_packbits_init_single3} init:{__iar_packbits_init_single3}
Marking fragment #177 .text (7 packbits_init.o(rt7M_tl.a)) {__iar_packbits_init3} init:{__iar_packbits_init3}
Marking fragment #185 .text (7 lz77_init_single.o(rt7M_tl.a)) {__iar_lz77_init_single3} init:{__iar_lz77_init_single3}
Marking fragment #243 .text (7 lz77_init.o(rt7M_tl.a)) {__iar_lz77_init3} init:{__iar_lz77_init3}
Marking from fragment #243 .text (7 lz77_init.o(rt7M_tl.a)) {__iar_lz77_init3} init:{__iar_lz77_init3}
  Marking symbol __iar_SB                             (32 lz77_init.o)
    Marking fragment #192 .rodata (6 lz77_init.o(rt7M_tl.a)) {__iar_lz77_init3} init:{__iar_lz77_init3}
  Marking symbol InStream_Read                        (29 lz77_init.o)
    Marking fragment #241 .text (7 lz77_init.o(rt7M_tl.a)) {__iar_lz77_init3} init:{__iar_lz77_init3}
  Marking symbol InStream_StepRegion                  (30 lz77_init.o)
    Marking fragment #240 .text (7 lz77_init.o(rt7M_tl.a)) {__iar_lz77_init3} init:{__iar_lz77_init3}
  Marking symbol OutStream_Write                      (31 lz77_init.o)
    Marking fragment #242 .text (7 lz77_init.o(rt7M_tl.a)) {__iar_lz77_init3} init:{__iar_lz77_init3}
  Marking symbol abort                            Glb (10 abort.o)
    Marking fragment #203 .text (6 abort.o(dl7M_tln.a)) {__iar_lz77_init3} init:{__iar_lz77_init3}
Marking from fragment #203 .text (6 abort.o(dl7M_tln.a)) {__iar_lz77_init3} init:{__iar_lz77_init3}
  Marking symbol __exit                           Glb (13 exit.o)
    Marking fragment #120 .text (6 exit.o(shb_l.a)) {__iar_lz77_init3} init:{__iar_lz77_init3}
Marking from fragment #120 .text (6 exit.o(shb_l.a)) {__iar_lz77_init3} init:{__iar_lz77_init3}
  Marking symbol __iar_close_ttio                 Ext (12 exit.o)
Marking from fragment #242 .text (7 lz77_init.o(rt7M_tl.a)) {__iar_lz77_init3} init:{__iar_lz77_init3}
  Marking symbol __iar_SB                             (32 lz77_init.o)
  Marking symbol abort                            Glb (10 abort.o)
Marking from fragment #240 .text (7 lz77_init.o(rt7M_tl.a)) {__iar_lz77_init3} init:{__iar_lz77_init3}
Marking from fragment #241 .text (7 lz77_init.o(rt7M_tl.a)) {__iar_lz77_init3} init:{__iar_lz77_init3}
Marking from fragment #192 .rodata (6 lz77_init.o(rt7M_tl.a)) {__iar_lz77_init3} init:{__iar_lz77_init3}
Marking from fragment #185 .text (7 lz77_init_single.o(rt7M_tl.a)) {__iar_lz77_init_single3} init:{__iar_lz77_init_single3}
  Marking symbol __iar_SB                             (9 lz77_init_single.o)
    Marking fragment #184 .rodata (6 lz77_init_single.o(rt7M_tl.a)) {__iar_lz77_init_single3} init:{__iar_lz77_init_single3}
Marking from fragment #184 .rodata (6 lz77_init_single.o(rt7M_tl.a)) {__iar_lz77_init_single3} init:{__iar_lz77_init_single3}
Marking from fragment #177 .text (7 packbits_init.o(rt7M_tl.a)) {__iar_packbits_init3} init:{__iar_packbits_init3}
  Marking symbol __iar_SB                             (13 packbits_init.o)
    Marking fragment #176 .rodata (6 packbits_init.o(rt7M_tl.a)) {__iar_packbits_init3} init:{__iar_packbits_init3}
  Marking symbol abort                            Glb (10 abort.o)
    Marking fragment #203 .text (6 abort.o(dl7M_tln.a)) {__iar_packbits_init3} init:{__iar_packbits_init3}
Marking from fragment #203 .text (6 abort.o(dl7M_tln.a)) {__iar_packbits_init3} init:{__iar_packbits_init3}
  Marking symbol __exit                           Glb (13 exit.o)
    Marking fragment #120 .text (6 exit.o(shb_l.a)) {__iar_packbits_init3} init:{__iar_packbits_init3}
Marking from fragment #120 .text (6 exit.o(shb_l.a)) {__iar_packbits_init3} init:{__iar_packbits_init3}
  Marking symbol __iar_close_ttio                 Ext (12 exit.o)
Marking from fragment #176 .rodata (6 packbits_init.o(rt7M_tl.a)) {__iar_packbits_init3} init:{__iar_packbits_init3}
Marking from fragment #169 .text (7 packbits_init_single.o(rt7M_tl.a)) {__iar_packbits_init_single3} init:{__iar_packbits_init_single3}
  Marking symbol __iar_SB                             (8 packbits_init_single.o)
    Marking fragment #168 .rodata (6 packbits_init_single.o(rt7M_tl.a)) {__iar_packbits_init_single3} init:{__iar_packbits_init_single3}
Marking from fragment #168 .rodata (6 packbits_init_single.o(rt7M_tl.a)) {__iar_packbits_init_single3} init:{__iar_packbits_init_single3}
Marking from fragment #239 .text (7 rle_init.o(rt7M_tl.a)) {__iar_rle_init3} init:{__iar_rle_init3}
  Marking symbol __iar_SB                             (14 rle_init.o)
    Marking fragment #159 .rodata (6 rle_init.o(rt7M_tl.a)) {__iar_rle_init3} init:{__iar_rle_init3}
  Marking symbol InStream_StepRegion                  (13 rle_init.o)
    Marking fragment #238 .text (7 rle_init.o(rt7M_tl.a)) {__iar_rle_init3} init:{__iar_rle_init3}
  Marking symbol abort                            Glb (10 abort.o)
    Marking fragment #203 .text (6 abort.o(dl7M_tln.a)) {__iar_rle_init3} init:{__iar_rle_init3}
Marking from fragment #203 .text (6 abort.o(dl7M_tln.a)) {__iar_rle_init3} init:{__iar_rle_init3}
  Marking symbol __exit                           Glb (13 exit.o)
    Marking fragment #120 .text (6 exit.o(shb_l.a)) {__iar_rle_init3} init:{__iar_rle_init3}
Marking from fragment #120 .text (6 exit.o(shb_l.a)) {__iar_rle_init3} init:{__iar_rle_init3}
  Marking symbol __iar_close_ttio                 Ext (12 exit.o)
Marking from fragment #238 .text (7 rle_init.o(rt7M_tl.a)) {__iar_rle_init3} init:{__iar_rle_init3}
Marking from fragment #159 .rodata (6 rle_init.o(rt7M_tl.a)) {__iar_rle_init3} init:{__iar_rle_init3}
Marking from fragment #152 .text (7 rle_init_single.o(rt7M_tl.a)) {__iar_rle_init_single3} init:{__iar_rle_init_single3}
  Marking symbol __iar_SB                             (7 rle_init_single.o)
    Marking fragment #151 .rodata (6 rle_init_single.o(rt7M_tl.a)) {__iar_rle_init_single3} init:{__iar_rle_init_single3}
Marking from fragment #151 .rodata (6 rle_init_single.o(rt7M_tl.a)) {__iar_rle_init_single3} init:{__iar_rle_init_single3}
Marking from fragment #144 .text (7 copy_init3.o(rt7M_tl.a)) {__iar_copy_init3} init:{__iar_copy_init3}
  Marking symbol __iar_SB                             (7 copy_init3.o)
    Marking fragment #143 .rodata (6 copy_init3.o(rt7M_tl.a)) {__iar_copy_init3} init:{__iar_copy_init3}
Marking from fragment #143 .rodata (6 copy_init3.o(rt7M_tl.a)) {__iar_copy_init3} init:{__iar_copy_init3}
Marking from fragment #136 .text (7 zero_init3.o(rt7M_tl.a)) {__iar_zero_init3} init:{__iar_zero_init3}
  Marking symbol __iar_SB                             (7 zero_init3.o)
    Marking fragment #135 .rodata (6 zero_init3.o(rt7M_tl.a)) {__iar_zero_init3} init:{__iar_zero_init3}
Marking from fragment #135 .rodata (6 zero_init3.o(rt7M_tl.a)) {__iar_zero_init3} init:{__iar_zero_init3}
Marking from fragment #127 .text (6 data_init.o(rt7M_tl.a)) {__iar_data_init3} init:{__iar_data_init3}
  Marking symbol Region$$Table$$Base              Ext (15 data_init.o)
  Marking symbol Region$$Table$$Limit             Ext (16 data_init.o)
*** Marking debug sections ***
----- pass 1
References #209 .text (9 main.o)
  Marking fragment #10 .iar.debug_line (13 main.o)
References #209 .text (9 main.o)
  Marking fragment #11 .debug_line (14 main.o)
References #209 .text (9 main.o)
  Marking fragment #12 .debug_info (15 main.o)
References #209 .text (9 main.o)
  Marking fragment #13 .debug_frame (16 main.o)
References #210 .text (9 main.o)
  Marking fragment #15 .iar.debug_line (20 main.o)
References #210 .text (9 main.o)
  Marking fragment #16 .debug_line (21 main.o)
References #210 .text (9 main.o)
  Marking fragment #17 .debug_info (22 main.o)
References #210 .text (9 main.o)
  Marking fragment #18 .debug_frame (23 main.o)
References #12 .debug_info (15 main.o)
  Marking fragment #35 .debug_pubnames (44 main.o)
References #209 .text (9 main.o)
  Marking fragment #36 .debug_aranges (46 main.o)
References #17 .debug_info (22 main.o)
  Marking fragment #37 .debug_pubnames (49 main.o)
References #210 .text (9 main.o)
  Marking fragment #38 .debug_aranges (51 main.o)
References #209 .text (9 main.o)
  Marking fragment #39 .iar.debug_frame (64 main.o)
References #210 .text (9 main.o)
  Marking fragment #40 .iar.debug_frame (66 main.o)
References #44 .intvec (8 startupF411RE.o)
  Marking fragment #48 .debug_info (12 startupF411RE.o)
References #217 .text (9 startupF411RE.o)
  Marking fragment #50 .iar.debug_line (14 startupF411RE.o)
References #217 .text (9 startupF411RE.o)
  Marking fragment #51 .debug_line (15 startupF411RE.o)
References #217 .text (9 startupF411RE.o)
  Marking fragment #52 .debug_info (16 startupF411RE.o)
References #217 .text (9 startupF411RE.o)
  Marking fragment #53 .debug_frame (17 startupF411RE.o)
References #218 .text (9 startupF411RE.o)
  Marking fragment #55 .iar.debug_line (21 startupF411RE.o)
References #218 .text (9 startupF411RE.o)
  Marking fragment #56 .debug_line (22 startupF411RE.o)
References #218 .text (9 startupF411RE.o)
  Marking fragment #57 .debug_info (23 startupF411RE.o)
References #218 .text (9 startupF411RE.o)
  Marking fragment #58 .debug_frame (24 startupF411RE.o)
References #48 .debug_info (12 startupF411RE.o)
  Marking fragment #64 .debug_pubnames (32 startupF411RE.o)
References #52 .debug_info (16 startupF411RE.o)
  Marking fragment #65 .debug_pubnames (35 startupF411RE.o)
References #217 .text (9 startupF411RE.o)
  Marking fragment #66 .debug_aranges (37 startupF411RE.o)
References #57 .debug_info (23 startupF411RE.o)
  Marking fragment #67 .debug_pubnames (40 startupF411RE.o)
References #218 .text (9 startupF411RE.o)
  Marking fragment #68 .debug_aranges (42 startupF411RE.o)
References #217 .text (9 startupF411RE.o)
  Marking fragment #69 .iar.debug_frame (45 startupF411RE.o)
References #218 .text (9 startupF411RE.o)
  Marking fragment #70 .iar.debug_frame (47 startupF411RE.o)
References #101 .text (6 low_level_init.o(dl7M_tln.a))
  Marking fragment #104 .debug_frame (9 low_level_init.o(dl7M_tln.a))
References #108 .text (6 exit.o(dl7M_tln.a))
  Marking fragment #111 .debug_frame (9 exit.o(dl7M_tln.a))
References #120 .text (6 exit.o(shb_l.a))
  Marking fragment #123 .debug_frame (9 exit.o(shb_l.a))
References #127 .text (6 data_init.o(rt7M_tl.a))
  Marking fragment #131 .debug_frame (10 data_init.o(rt7M_tl.a)) {__iar_data_init3}
References #136 .text (7 zero_init3.o(rt7M_tl.a))
  Marking fragment #139 .debug_frame (10 zero_init3.o(rt7M_tl.a)) {__iar_zero_init3}
References #144 .text (7 copy_init3.o(rt7M_tl.a))
  Marking fragment #147 .debug_frame (10 copy_init3.o(rt7M_tl.a)) {__iar_copy_init3}
References #152 .text (7 rle_init_single.o(rt7M_tl.a))
  Marking fragment #155 .debug_frame (10 rle_init_single.o(rt7M_tl.a)) {__iar_rle_init_single3}
References #238 .text (7 rle_init.o(rt7M_tl.a))
  Marking fragment #163 .debug_frame (10 rle_init.o(rt7M_tl.a)) {__iar_rle_init3}
References #239 .text (7 rle_init.o(rt7M_tl.a))
  Marking fragment #165 .debug_frame (14 rle_init.o(rt7M_tl.a)) {__iar_rle_init3}
References #169 .text (7 packbits_init_single.o(rt7M_tl.a))
  Marking fragment #172 .debug_frame (10 packbits_init_single.o(rt7M_tl.a)) {__iar_packbits_init_single3}
References #177 .text (7 packbits_init.o(rt7M_tl.a))
  Marking fragment #180 .debug_frame (10 packbits_init.o(rt7M_tl.a)) {__iar_packbits_init3}
References #185 .text (7 lz77_init_single.o(rt7M_tl.a))
  Marking fragment #188 .debug_frame (10 lz77_init_single.o(rt7M_tl.a)) {__iar_lz77_init_single3}
References #240 .text (7 lz77_init.o(rt7M_tl.a))
  Marking fragment #196 .debug_frame (10 lz77_init.o(rt7M_tl.a)) {__iar_lz77_init3}
References #241 .text (7 lz77_init.o(rt7M_tl.a))
  Marking fragment #198 .debug_frame (14 lz77_init.o(rt7M_tl.a)) {__iar_lz77_init3}
References #242 .text (7 lz77_init.o(rt7M_tl.a))
  Marking fragment #199 .debug_frame (16 lz77_init.o(rt7M_tl.a)) {__iar_lz77_init3}
References #243 .text (7 lz77_init.o(rt7M_tl.a))
  Marking fragment #200 .debug_frame (18 lz77_init.o(rt7M_tl.a)) {__iar_lz77_init3}
References #203 .text (6 abort.o(dl7M_tln.a))
  Marking fragment #206 .debug_frame (9 abort.o(dl7M_tln.a)) {__iar_rle_init3 __iar_packbits_init3 __iar_lz77_init3}
----- pass 2
----- marking from debug sections
Marking from fragment #206 .debug_frame (9 abort.o(dl7M_tln.a)) {__iar_rle_init3 __iar_packbits_init3 __iar_lz77_init3}
  Marking symbol .debug_frame10                       (5 abort.o)
    Marking fragment #207 .debug_frame (10 abort.o(dl7M_tln.a)) {__iar_rle_init3 __iar_packbits_init3 __iar_lz77_init3}
  Marking symbol .text6                               (4 abort.o)
Marking from fragment #207 .debug_frame (10 abort.o(dl7M_tln.a)) {__iar_rle_init3 __iar_packbits_init3 __iar_lz77_init3}
Marking from fragment #200 .debug_frame (18 lz77_init.o(rt7M_tl.a)) {__iar_lz77_init3}
  Marking symbol .debug_frame11                       (34 lz77_init.o)
    Marking fragment #197 .debug_frame (11 lz77_init.o(rt7M_tl.a)) {__iar_lz77_init3}
  Marking symbol .text_6                              (40 lz77_init.o)
Marking from fragment #197 .debug_frame (11 lz77_init.o(rt7M_tl.a)) {__iar_lz77_init3}
Marking from fragment #199 .debug_frame (16 lz77_init.o(rt7M_tl.a)) {__iar_lz77_init3}
  Marking symbol .debug_frame11                       (34 lz77_init.o)
  Marking symbol .text_5                              (38 lz77_init.o)
Marking from fragment #198 .debug_frame (14 lz77_init.o(rt7M_tl.a)) {__iar_lz77_init3}
  Marking symbol .debug_frame11                       (34 lz77_init.o)
  Marking symbol .text_4                              (36 lz77_init.o)
Marking from fragment #196 .debug_frame (10 lz77_init.o(rt7M_tl.a)) {__iar_lz77_init3}
  Marking symbol .debug_frame11                       (34 lz77_init.o)
  Marking symbol .text7                               (33 lz77_init.o)
Marking from fragment #188 .debug_frame (10 lz77_init_single.o(rt7M_tl.a)) {__iar_lz77_init_single3}
  Marking symbol .debug_frame11                       (11 lz77_init_single.o)
    Marking fragment #189 .debug_frame (11 lz77_init_single.o(rt7M_tl.a)) {__iar_lz77_init_single3}
  Marking symbol .text7                               (10 lz77_init_single.o)
Marking from fragment #189 .debug_frame (11 lz77_init_single.o(rt7M_tl.a)) {__iar_lz77_init_single3}
Marking from fragment #180 .debug_frame (10 packbits_init.o(rt7M_tl.a)) {__iar_packbits_init3}
  Marking symbol .debug_frame11                       (15 packbits_init.o)
    Marking fragment #181 .debug_frame (11 packbits_init.o(rt7M_tl.a)) {__iar_packbits_init3}
  Marking symbol .text7                               (14 packbits_init.o)
Marking from fragment #181 .debug_frame (11 packbits_init.o(rt7M_tl.a)) {__iar_packbits_init3}
Marking from fragment #172 .debug_frame (10 packbits_init_single.o(rt7M_tl.a)) {__iar_packbits_init_single3}
  Marking symbol .debug_frame11                       (10 packbits_init_single.o)
    Marking fragment #173 .debug_frame (11 packbits_init_single.o(rt7M_tl.a)) {__iar_packbits_init_single3}
  Marking symbol .text7                               (9 packbits_init_single.o)
Marking from fragment #173 .debug_frame (11 packbits_init_single.o(rt7M_tl.a)) {__iar_packbits_init_single3}
Marking from fragment #165 .debug_frame (14 rle_init.o(rt7M_tl.a)) {__iar_rle_init3}
  Marking symbol .debug_frame11                       (16 rle_init.o)
    Marking fragment #164 .debug_frame (11 rle_init.o(rt7M_tl.a)) {__iar_rle_init3}
  Marking symbol .text_4                              (18 rle_init.o)
Marking from fragment #164 .debug_frame (11 rle_init.o(rt7M_tl.a)) {__iar_rle_init3}
Marking from fragment #163 .debug_frame (10 rle_init.o(rt7M_tl.a)) {__iar_rle_init3}
  Marking symbol .debug_frame11                       (16 rle_init.o)
  Marking symbol .text7                               (15 rle_init.o)
Marking from fragment #155 .debug_frame (10 rle_init_single.o(rt7M_tl.a)) {__iar_rle_init_single3}
  Marking symbol .debug_frame11                       (9 rle_init_single.o)
    Marking fragment #156 .debug_frame (11 rle_init_single.o(rt7M_tl.a)) {__iar_rle_init_single3}
  Marking symbol .text7                               (8 rle_init_single.o)
Marking from fragment #156 .debug_frame (11 rle_init_single.o(rt7M_tl.a)) {__iar_rle_init_single3}
Marking from fragment #147 .debug_frame (10 copy_init3.o(rt7M_tl.a)) {__iar_copy_init3}
  Marking symbol .debug_frame11                       (9 copy_init3.o)
    Marking fragment #148 .debug_frame (11 copy_init3.o(rt7M_tl.a)) {__iar_copy_init3}
  Marking symbol .text7                               (8 copy_init3.o)
Marking from fragment #148 .debug_frame (11 copy_init3.o(rt7M_tl.a)) {__iar_copy_init3}
Marking from fragment #139 .debug_frame (10 zero_init3.o(rt7M_tl.a)) {__iar_zero_init3}
  Marking symbol .debug_frame11                       (9 zero_init3.o)
    Marking fragment #140 .debug_frame (11 zero_init3.o(rt7M_tl.a)) {__iar_zero_init3}
  Marking symbol .text7                               (8 zero_init3.o)
Marking from fragment #140 .debug_frame (11 zero_init3.o(rt7M_tl.a)) {__iar_zero_init3}
Marking from fragment #131 .debug_frame (10 data_init.o(rt7M_tl.a)) {__iar_data_init3}
  Marking symbol .debug_frame11                       (8 data_init.o)
    Marking fragment #132 .debug_frame (11 data_init.o(rt7M_tl.a)) {__iar_data_init3}
  Marking symbol .text6                               (7 data_init.o)
Marking from fragment #132 .debug_frame (11 data_init.o(rt7M_tl.a)) {__iar_data_init3}
Marking from fragment #123 .debug_frame (9 exit.o(shb_l.a))
  Marking symbol .debug_frame10                       (7 exit.o)
    Marking fragment #124 .debug_frame (10 exit.o(shb_l.a))
  Marking symbol .text6                               (6 exit.o)
Marking from fragment #124 .debug_frame (10 exit.o(shb_l.a))
Marking from fragment #111 .debug_frame (9 exit.o(dl7M_tln.a))
  Marking symbol .debug_frame10                       (5 exit.o)
    Marking fragment #112 .debug_frame (10 exit.o(dl7M_tln.a))
  Marking symbol .text6                               (4 exit.o)
Marking from fragment #112 .debug_frame (10 exit.o(dl7M_tln.a))
Marking from fragment #104 .debug_frame (9 low_level_init.o(dl7M_tln.a))
  Marking symbol .debug_frame10                       (5 low_level_init.o)
    Marking fragment #105 .debug_frame (10 low_level_init.o(dl7M_tln.a))
  Marking symbol .text6                               (4 low_level_init.o)
Marking from fragment #105 .debug_frame (10 low_level_init.o(dl7M_tln.a))
Marking from fragment #70 .iar.debug_frame (47 startupF411RE.o)
  Marking symbol .text_4                              (10 startupF411RE.o)
  Marking symbol .debug_frame24                       (29 startupF411RE.o)
  Marking symbol .debug_info23                        (27 startupF411RE.o)
Marking from fragment #69 .iar.debug_frame (45 startupF411RE.o)
  Marking symbol .text9                               (7 startupF411RE.o)
  Marking symbol .debug_frame17                       (28 startupF411RE.o)
  Marking symbol .debug_info16                        (23 startupF411RE.o)
Marking from fragment #68 .debug_aranges (42 startupF411RE.o)
  Marking symbol .debug_info23                        (27 startupF411RE.o)
  Marking symbol .text_4                              (10 startupF411RE.o)
Marking from fragment #67 .debug_pubnames (40 startupF411RE.o)
  Marking symbol .debug_info23                        (27 startupF411RE.o)
Marking from fragment #66 .debug_aranges (37 startupF411RE.o)
  Marking symbol .debug_info16                        (23 startupF411RE.o)
  Marking symbol .text9                               (7 startupF411RE.o)
Marking from fragment #65 .debug_pubnames (35 startupF411RE.o)
  Marking symbol .debug_info16                        (23 startupF411RE.o)
Marking from fragment #64 .debug_pubnames (32 startupF411RE.o)
  Marking symbol .debug_info12                        (19 startupF411RE.o)
Marking from fragment #58 .debug_frame (24 startupF411RE.o)
  Marking symbol .debug_frame18                       (8 startupF411RE.o)
    Marking fragment #54 .debug_frame (18 startupF411RE.o)
  Marking symbol .text_4                              (10 startupF411RE.o)
Marking from fragment #54 .debug_frame (18 startupF411RE.o)
Marking from fragment #57 .debug_info (23 startupF411RE.o)
  Marking symbol .debug_abbrev30                      (15 startupF411RE.o)
    Marking fragment #63 .debug_abbrev (30 startupF411RE.o)
  Marking symbol .text_4                              (10 startupF411RE.o)
  Marking symbol .debug_line22                        (25 startupF411RE.o)
  Marking symbol .iar.debug_line21                    (26 startupF411RE.o)
  Marking symbol .debug_info7                         (16 startupF411RE.o)
    Marking fragment #43 .debug_info (7 startupF411RE.o)
  Marking symbol .debug_loc27                         (24 startupF411RE.o)
    Marking fragment #60 .debug_loc (27 startupF411RE.o)
Marking from fragment #60 .debug_loc (27 startupF411RE.o)
Marking from fragment #43 .debug_info (7 startupF411RE.o)
  Marking symbol .debug_abbrev30                      (15 startupF411RE.o)
  Marking symbol .debug_line6                         (17 startupF411RE.o)
    Marking fragment #42 .debug_line (6 startupF411RE.o)
  Marking symbol .debug_macinfo29                     (18 startupF411RE.o)
    Marking fragment #62 .debug_macinfo (29 startupF411RE.o)
Marking from fragment #62 .debug_macinfo (29 startupF411RE.o)
Marking from fragment #42 .debug_line (6 startupF411RE.o)
Marking from fragment #63 .debug_abbrev (30 startupF411RE.o)
Marking from fragment #56 .debug_line (22 startupF411RE.o)
  Marking symbol .text_4                              (10 startupF411RE.o)
Marking from fragment #55 .iar.debug_line (21 startupF411RE.o)
  Marking symbol .text_4                              (10 startupF411RE.o)
  Marking symbol .debug_info23                        (27 startupF411RE.o)
  Marking symbol __iar_init_core                  Ext (31 startupF411RE.o)
  Marking symbol __iar_init_vfp                   Glb (5 fpinit_M.o)
  Marking symbol __cmain                          Glb (16 cmain.o)
Marking from fragment #53 .debug_frame (17 startupF411RE.o)
  Marking symbol .debug_frame18                       (8 startupF411RE.o)
  Marking symbol .text9                               (7 startupF411RE.o)
Marking from fragment #52 .debug_info (16 startupF411RE.o)
  Marking symbol .debug_abbrev30                      (15 startupF411RE.o)
  Marking symbol .text9                               (7 startupF411RE.o)
  Marking symbol .debug_line15                        (21 startupF411RE.o)
  Marking symbol .iar.debug_line14                    (22 startupF411RE.o)
  Marking symbol .debug_info7                         (16 startupF411RE.o)
  Marking symbol .debug_loc28                         (20 startupF411RE.o)
    Marking fragment #61 .debug_loc (28 startupF411RE.o)
Marking from fragment #61 .debug_loc (28 startupF411RE.o)
Marking from fragment #51 .debug_line (15 startupF411RE.o)
  Marking symbol .text9                               (7 startupF411RE.o)
Marking from fragment #50 .iar.debug_line (14 startupF411RE.o)
  Marking symbol .text9                               (7 startupF411RE.o)
  Marking symbol .debug_info16                        (23 startupF411RE.o)
Marking from fragment #48 .debug_info (12 startupF411RE.o)
  Marking symbol .debug_abbrev30                      (15 startupF411RE.o)
  Marking symbol .debug_line6                         (17 startupF411RE.o)
  Marking symbol .debug_macinfo29                     (18 startupF411RE.o)
  Marking symbol .debug_info7                         (16 startupF411RE.o)
  Marking symbol .intvec8                             (5 startupF411RE.o)
Marking from fragment #40 .iar.debug_frame (66 main.o)
  Marking symbol .text_4                              (18 main.o)
  Marking symbol .debug_frame23                       (52 main.o)
  Marking symbol .debug_info22                        (50 main.o)
Marking from fragment #39 .iar.debug_frame (64 main.o)
  Marking symbol .text9                               (15 main.o)
  Marking symbol .debug_frame16                       (51 main.o)
  Marking symbol .debug_info15                        (36 main.o)
Marking from fragment #38 .debug_aranges (51 main.o)
  Marking symbol .debug_info22                        (50 main.o)
  Marking symbol .text_4                              (18 main.o)
Marking from fragment #37 .debug_pubnames (49 main.o)
  Marking symbol .debug_info22                        (50 main.o)
Marking from fragment #36 .debug_aranges (46 main.o)
  Marking symbol .debug_info15                        (36 main.o)
  Marking symbol .text9                               (15 main.o)
Marking from fragment #35 .debug_pubnames (44 main.o)
  Marking symbol .debug_info15                        (36 main.o)
Marking from fragment #18 .debug_frame (23 main.o)
  Marking symbol .debug_frame17                       (16 main.o)
    Marking fragment #14 .debug_frame (17 main.o)
  Marking symbol .text_4                              (18 main.o)
Marking from fragment #14 .debug_frame (17 main.o)
Marking from fragment #17 .debug_info (22 main.o)
  Marking symbol .debug_abbrev39                      (28 main.o)
    Marking fragment #33 .debug_abbrev (39 main.o)
  Marking symbol .text_4                              (18 main.o)
  Marking symbol .debug_line21                        (48 main.o)
  Marking symbol .iar.debug_line20                    (49 main.o)
  Marking symbol .debug_info7                         (29 main.o)
    Marking fragment #4 .debug_info (7 main.o)
  Marking symbol .debug_loc27                         (37 main.o)
    Marking fragment #21 .debug_loc (27 main.o)
  Marking symbol .debug_info28                        (38 main.o)
    Marking fragment #22 .debug_info (28 main.o)
  Marking symbol .debug_info29                        (39 main.o)
    Marking fragment #23 .debug_info (29 main.o)
  Marking symbol .debug_info30                        (40 main.o)
    Marking fragment #24 .debug_info (30 main.o)
  Marking symbol .debug_info31                        (41 main.o)
    Marking fragment #25 .debug_info (31 main.o)
  Marking symbol .debug_info32                        (42 main.o)
    Marking fragment #26 .debug_info (32 main.o)
  Marking symbol .debug_info33                        (43 main.o)
    Marking fragment #27 .debug_info (33 main.o)
  Marking symbol .debug_info34                        (44 main.o)
    Marking fragment #28 .debug_info (34 main.o)
  Marking symbol .debug_info35                        (45 main.o)
    Marking fragment #29 .debug_info (35 main.o)
  Marking symbol .debug_info36                        (46 main.o)
    Marking fragment #30 .debug_info (36 main.o)
  Marking symbol .debug_info37                        (47 main.o)
    Marking fragment #31 .debug_info (37 main.o)
Marking from fragment #31 .debug_info (37 main.o)
  Marking symbol .debug_abbrev39                      (28 main.o)
  Marking symbol .debug_line6                         (30 main.o)
    Marking fragment #3 .debug_line (6 main.o)
  Marking symbol .debug_macinfo38                     (31 main.o)
    Marking fragment #32 .debug_macinfo (38 main.o)
  Marking symbol .debug_info7                         (29 main.o)
Marking from fragment #32 .debug_macinfo (38 main.o)
Marking from fragment #3 .debug_line (6 main.o)
Marking from fragment #30 .debug_info (36 main.o)
  Marking symbol .debug_abbrev39                      (28 main.o)
  Marking symbol .debug_line6                         (30 main.o)
  Marking symbol .debug_macinfo38                     (31 main.o)
  Marking symbol .debug_info7                         (29 main.o)
Marking from fragment #29 .debug_info (35 main.o)
  Marking symbol .debug_abbrev39                      (28 main.o)
  Marking symbol .debug_line6                         (30 main.o)
  Marking symbol .debug_macinfo38                     (31 main.o)
  Marking symbol .debug_info7                         (29 main.o)
Marking from fragment #28 .debug_info (34 main.o)
  Marking symbol .debug_abbrev39                      (28 main.o)
  Marking symbol .debug_line6                         (30 main.o)
  Marking symbol .debug_macinfo38                     (31 main.o)
  Marking symbol .debug_info7                         (29 main.o)
Marking from fragment #27 .debug_info (33 main.o)
  Marking symbol .debug_abbrev39                      (28 main.o)
  Marking symbol .debug_line6                         (30 main.o)
  Marking symbol .debug_macinfo38                     (31 main.o)
  Marking symbol .debug_info7                         (29 main.o)
Marking from fragment #26 .debug_info (32 main.o)
  Marking symbol .debug_abbrev39                      (28 main.o)
  Marking symbol .debug_line6                         (30 main.o)
  Marking symbol .debug_macinfo38                     (31 main.o)
  Marking symbol .debug_info7                         (29 main.o)
Marking from fragment #25 .debug_info (31 main.o)
  Marking symbol .debug_abbrev39                      (28 main.o)
  Marking symbol .debug_line6                         (30 main.o)
  Marking symbol .debug_macinfo38                     (31 main.o)
  Marking symbol .debug_info7                         (29 main.o)
Marking from fragment #24 .debug_info (30 main.o)
  Marking symbol .debug_abbrev39                      (28 main.o)
  Marking symbol .debug_line6                         (30 main.o)
  Marking symbol .debug_macinfo38                     (31 main.o)
  Marking symbol .debug_info7                         (29 main.o)
Marking from fragment #23 .debug_info (29 main.o)
  Marking symbol .debug_abbrev39                      (28 main.o)
  Marking symbol .debug_line6                         (30 main.o)
  Marking symbol .debug_macinfo38                     (31 main.o)
  Marking symbol .debug_info7                         (29 main.o)
Marking from fragment #22 .debug_info (28 main.o)
  Marking symbol .debug_abbrev39                      (28 main.o)
  Marking symbol .debug_line6                         (30 main.o)
  Marking symbol .debug_macinfo38                     (31 main.o)
  Marking symbol .debug_info7                         (29 main.o)
Marking from fragment #21 .debug_loc (27 main.o)
Marking from fragment #4 .debug_info (7 main.o)
  Marking symbol .debug_abbrev39                      (28 main.o)
  Marking symbol .debug_line6                         (30 main.o)
  Marking symbol .debug_macinfo38                     (31 main.o)
Marking from fragment #33 .debug_abbrev (39 main.o)
Marking from fragment #16 .debug_line (21 main.o)
  Marking symbol .text_4                              (18 main.o)
Marking from fragment #15 .iar.debug_line (20 main.o)
  Marking symbol .text_4                              (18 main.o)
  Marking symbol .debug_info22                        (50 main.o)
  Marking symbol .debug_info28                        (38 main.o)
  Marking symbol .debug_info29                        (39 main.o)
  Marking symbol .debug_info30                        (40 main.o)
  Marking symbol .debug_info31                        (41 main.o)
  Marking symbol .debug_info32                        (42 main.o)
  Marking symbol .debug_info33                        (43 main.o)
  Marking symbol .debug_info34                        (44 main.o)
  Marking symbol .debug_info35                        (45 main.o)
  Marking symbol .debug_info15                        (36 main.o)
  Marking symbol .debug_info36                        (46 main.o)
  Marking symbol .debug_info37                        (47 main.o)
Marking from fragment #13 .debug_frame (16 main.o)
  Marking symbol .debug_frame17                       (16 main.o)
  Marking symbol .text9                               (15 main.o)
Marking from fragment #12 .debug_info (15 main.o)
  Marking symbol .debug_abbrev39                      (28 main.o)
  Marking symbol .text9                               (15 main.o)
  Marking symbol .debug_line14                        (34 main.o)
  Marking symbol .iar.debug_line13                    (35 main.o)
  Marking symbol .debug_info7                         (29 main.o)
  Marking symbol .debug_loc26                         (33 main.o)
    Marking fragment #20 .debug_loc (26 main.o)
Marking from fragment #20 .debug_loc (26 main.o)
Marking from fragment #11 .debug_line (14 main.o)
  Marking symbol .text9                               (15 main.o)
Marking from fragment #10 .iar.debug_line (13 main.o)
  Marking symbol .text9                               (15 main.o)
  Marking symbol .debug_info15                        (36 main.o)

Unused fragments:
  Section name     Index  Offset     Size  Object
  ------------     -----  ------     ----  ------
  .iar.as_table        1     0x0  0x20000  <internal module>
    __as_table_start
  .iar.as_entries      2     0x0  0x10000
    __as_entries_start
  .data                8     0x0      0x4  main.o
    SystemCoreClock
  .text                6     0x0      0x2  unwind_debug.o
    breakpoint
  .text                6     0x2     0x16
    __iar_debug_throw
    ??__iar_debug_throw_1
  .text                6    0x18     0x12
    __iar_debug_throw_qemu
    ??__iar_debug_throw_qemu_1
  .text                6    0x2a     0x14
    __iar_debug_catch
    ??__iar_debug_catch_1
  .text                6    0x3e     0x12
    __iar_debug_catch_qemu
    ??__iar_debug_catch_qemu_1
  .text                6    0x50     0x14
    __iar_debug_no_handler
    ??__iar_debug_no_handler_1
  .text                6    0x64     0x14
    __iar_debug_no_handler_qemu
    ??__iar_debug_no_handler_qemu_1
  .text                6    0x78      0x4
    ??DataTable6
  .text                6    0x7c      0x4
    ??DataTable6_1
  .text                6    0x80      0x4
    ??DataTable6_2
  .text                6    0x84      0x4
    ??DataTable6_3
  .text                6    0x88      0x4
    ??DataTable6_4
  .bss                 7     0x0      0x1
    __iar_enable_debug_throw
  .bss                 8     0x0      0x1
    __iar_enable_debug_catch
  .bss                 9     0x0      0x1
    __iar_enable_debug_no_handler
  .text                6     0x2      0x4  cexit.o
    __cexit_call_dtors
  .text                6     0x6      0x4
    __cexit_closeall
  .text                6     0xa      0x4
    __cexit_clearlocks

Veneer stats:

  8 definitions
  9 references
    8 R_ARM_THM_CALL
    1 R_ARM_THM_JUMP24
  0 veneers               0 bytes
  0 redirected references
